<?xml version="1.0" encoding="UTF-8"?>
<testng-results skipped="0" failed="0" ignored="0" total="1" passed="1">
  <reporter-output>
  </reporter-output>
  <suite name="Suite" duration-ms="4991" started-at="2018-05-08T08:39:59Z" finished-at="2018-05-08T08:40:04Z">
    <groups>
    </groups>
    <test name="Test" duration-ms="4991" started-at="2018-05-08T08:39:59Z" finished-at="2018-05-08T08:40:04Z">
      <class name="com.KeywoardDriven.Framework.Final">
        <test-method status="PASS" signature="testing()[pri:0, instance:com.KeywoardDriven.Framework.Final@51931956]" name="testing" duration-ms="4960" started-at="2018-05-08T14:09:59Z" finished-at="2018-05-08T14:10:04Z">
          <reporter-output>
          </reporter-output>
        </test-method> <!-- testing -->
      </class> <!-- com.KeywoardDriven.Framework.Final -->
    </test> <!-- Test -->
  </suite> <!-- Suite -->
</testng-results>
